2026-03-26 16:21:38,816 [INFO] AppFolio scrape: 279 seed URLs
2026-03-26 16:21:43,501 [INFO] Parsed 260 rows from https://omegaproperties.appfolio.com/listings/listings
2026-03-26 16:21:46,141 [INFO] Parsed 256 rows from https://skylinepm.appfolio.com/listings/listings
2026-03-26 16:21:50,180 [INFO] Parsed 248 rows from https://edgemgt.appfolio.com/listings/listings
2026-03-26 16:21:56,118 [INFO] Parsed 286 rows from https://diamondpm.appfolio.com/listings/listings
2026-03-26 16:21:56,286 [INFO] Parsed 282 rows from https://columbiarentals.appfolio.com/listings/listings
2026-03-26 16:21:58,052 [INFO] Parsed 304 rows from https://orion.appfolio.com/listings/listings
2026-03-26 16:21:59,732 [INFO] Parsed 248 rows from https://tulirealty.appfolio.com/listings/listings
2026-03-26 16:22:01,930 [INFO] Parsed 426 rows from https://premierpm.appfolio.com/listings/listings
2026-03-26 16:22:03,924 [INFO] Parsed 431 rows from https://smartrealty.appfolio.com/listings/listings
2026-03-26 16:22:04,872 [INFO] Parsed 214 rows from https://cross.appfolio.com/listings/listings
2026-03-26 16:22:06,844 [INFO] Parsed 396 rows from https://beaconmgmt.appfolio.com/listings/listings
2026-03-26 16:22:07,901 [INFO] Parsed 165 rows from https://keystoneproperty.appfolio.com/listings/listings
2026-03-26 16:22:08,528 [INFO] Parsed 202 rows from https://abc.appfolio.com/listings/listings
2026-03-26 16:22:09,163 [INFO] Parsed 168 rows from https://emerald.appfolio.com/listings/listings
2026-03-26 16:22:10,044 [INFO] Parsed 160 rows from https://venturepm.appfolio.com/listings/listings
2026-03-26 16:22:10,987 [INFO] Parsed 160 rows from https://valorproperty.appfolio.com/listings/listings
2026-03-26 16:22:12,101 [INFO] Parsed 158 rows from https://peakresidential.appfolio.com/listings/listings
2026-03-26 16:22:13,172 [INFO] Parsed 154 rows from https://hillproperties.appfolio.com/listings/listings
2026-03-26 16:22:15,605 [INFO] Parsed 154 rows from https://urbanmgmt.appfolio.com/listings/listings
2026-03-26 16:22:16,543 [INFO] Parsed 600 rows from https://valorresidential.appfolio.com/listings/listings
2026-03-26 16:22:17,303 [INFO] Parsed 150 rows from https://sterlingproperties.appfolio.com/listings/listings
2026-03-26 16:22:18,607 [INFO] Parsed 152 rows from https://palm.appfolio.com/listings/listings
2026-03-26 16:22:18,784 [INFO] Parsed 134 rows from https://crownpm.appfolio.com/listings/listings
2026-03-26 16:22:19,865 [INFO] Parsed 124 rows from https://livingpm.appfolio.com/listings/listings
2026-03-26 16:22:20,194 [INFO] Parsed 128 rows from https://frontier.appfolio.com/listings/listings
2026-03-26 16:22:21,068 [INFO] Parsed 124 rows from https://realproperties.appfolio.com/listings/listings
2026-03-26 16:22:22,593 [INFO] Parsed 120 rows from https://alphapm.appfolio.com/listings/listings
2026-03-26 16:22:23,353 [INFO] Parsed 120 rows from https://landmark.appfolio.com/listings/listings
2026-03-26 16:22:23,955 [INFO] Parsed 116 rows from https://red.appfolio.com/listings/listings
2026-03-26 16:22:24,535 [INFO] Parsed 128 rows from https://terramgmt.appfolio.com/listings/listings
2026-03-26 16:22:25,559 [INFO] Parsed 144 rows from https://frontierrealty.appfolio.com/listings/listings
2026-03-26 16:22:26,202 [INFO] Parsed 108 rows from https://landmarkmgmt.appfolio.com/listings/listings
2026-03-26 16:22:27,036 [INFO] Parsed 110 rows from https://haven.appfolio.com/listings/listings
2026-03-26 16:22:28,030 [INFO] Parsed 100 rows from https://eliteproperty.appfolio.com/listings/listings
2026-03-26 16:22:28,112 [INFO] Parsed 104 rows from https://signature.appfolio.com/listings/listings
2026-03-26 16:22:29,083 [INFO] Parsed 98 rows from https://allied.appfolio.com/listings/listings
2026-03-26 16:22:29,826 [INFO] Parsed 98 rows from https://easternpm.appfolio.com/listings/listings
2026-03-26 16:22:30,423 [INFO] Parsed 90 rows from https://compassmgt.appfolio.com/listings/listings
2026-03-26 16:22:31,257 [INFO] Parsed 92 rows from https://olympus.appfolio.com/listings/listings
2026-03-26 16:22:31,275 [INFO] Parsed 106 rows from https://guardianproperties.appfolio.com/listings/listings
2026-03-26 16:22:32,071 [INFO] Parsed 108 rows from https://whitepm.appfolio.com/listings/listings
2026-03-26 16:22:32,412 [INFO] Parsed 86 rows from https://equitymgt.appfolio.com/listings/listings
2026-03-26 16:22:32,921 [INFO] Parsed 88 rows from https://atlaspm.appfolio.com/listings/listings
2026-03-26 16:22:33,678 [INFO] Parsed 82 rows from https://fox.appfolio.com/listings/listings
2026-03-26 16:22:34,057 [INFO] Parsed 77 rows from https://summitmgmt.appfolio.com/listings/listings
2026-03-26 16:22:34,360 [INFO] Parsed 84 rows from https://anchorpm.appfolio.com/listings/listings
2026-03-26 16:22:34,717 [INFO] Parsed 82 rows from https://alphamgmt.appfolio.com/listings/listings
2026-03-26 16:22:35,562 [INFO] Parsed 78 rows from https://sunrisemgmt.appfolio.com/listings/listings
2026-03-26 16:22:35,667 [INFO] Parsed 76 rows from https://superiorrentals.appfolio.com/listings/listings
2026-03-26 16:22:36,428 [INFO] Parsed 76 rows from https://bestproperty.appfolio.com/listings/listings
2026-03-26 16:22:36,668 [INFO] Parsed 72 rows from https://premier.appfolio.com/listings/listings
2026-03-26 16:22:37,522 [INFO] Parsed 72 rows from https://sterlingmgmt.appfolio.com/listings/listings
2026-03-26 16:22:37,975 [INFO] Parsed 72 rows from https://triumphpm.appfolio.com/listings/listings
2026-03-26 16:22:38,573 [INFO] Parsed 82 rows from https://primemgmt.appfolio.com/listings/listings
2026-03-26 16:22:39,263 [INFO] Parsed 70 rows from https://wiseproperties.appfolio.com/listings/listings
2026-03-26 16:22:39,617 [INFO] Parsed 70 rows from https://patriotpm.appfolio.com/listings/listings
2026-03-26 16:22:40,643 [INFO] Parsed 68 rows from https://empireproperty.appfolio.com/listings/listings
2026-03-26 16:22:41,409 [INFO] Parsed 64 rows from https://guardianpm.appfolio.com/listings/listings
2026-03-26 16:22:41,702 [INFO] Parsed 64 rows from https://brownproperty.appfolio.com/listings/listings
2026-03-26 16:22:42,461 [INFO] Parsed 64 rows from https://puremgmt.appfolio.com/listings/listings
2026-03-26 16:22:43,526 [INFO] Parsed 64 rows from https://alliedmgmt.appfolio.com/listings/listings
2026-03-26 16:22:43,987 [INFO] Parsed 64 rows from https://anchorrealty.appfolio.com/listings/listings
2026-03-26 16:22:45,262 [INFO] Parsed 62 rows from https://tri.appfolio.com/listings/listings
2026-03-26 16:22:46,202 [INFO] Parsed 60 rows from https://bell.appfolio.com/listings/listings
2026-03-26 16:22:46,565 [INFO] Parsed 60 rows from https://ctpm.appfolio.com/listings/listings
2026-03-26 16:22:47,641 [INFO] Parsed 60 rows from https://kingproperties.appfolio.com/listings/listings
2026-03-26 16:22:47,844 [INFO] Parsed 58 rows from https://liberty.appfolio.com/listings/listings
2026-03-26 16:22:48,447 [INFO] Parsed 60 rows from https://prestigerentals.appfolio.com/listings/listings
2026-03-26 16:22:49,630 [INFO] Parsed 60 rows from https://villagerealty.appfolio.com/listings/listings
2026-03-26 16:22:50,556 [INFO] Parsed 60 rows from https://premierhomes.appfolio.com/listings/listings
2026-03-26 16:22:51,610 [INFO] Parsed 56 rows from https://first.appfolio.com/listings/listings
2026-03-26 16:22:53,594 [INFO] Parsed 56 rows from https://phoenixpm.appfolio.com/listings/listings
2026-03-26 16:22:54,100 [INFO] Parsed 54 rows from https://union.appfolio.com/listings/listings
2026-03-26 16:22:54,420 [INFO] Parsed 50 rows from https://summitpm.appfolio.com/listings/listings
2026-03-26 16:22:55,367 [INFO] Parsed 58 rows from https://riversideproperties.appfolio.com/listings/listings
2026-03-26 16:22:55,613 [INFO] Parsed 48 rows from https://bridgerealty.appfolio.com/listings/listings
2026-03-26 16:22:55,972 [INFO] Parsed 50 rows from https://integrityrealty.appfolio.com/listings/listings
2026-03-26 16:22:56,045 [INFO] Parsed 46 rows from https://roseresidential.appfolio.com/listings/listings
2026-03-26 16:22:57,105 [INFO] Parsed 46 rows from https://smartproperties.appfolio.com/listings/listings
2026-03-26 16:22:57,785 [INFO] Parsed 44 rows from https://grandmgmt.appfolio.com/listings/listings
2026-03-26 16:22:58,116 [INFO] Parsed 44 rows from https://excelmgmt.appfolio.com/listings/listings
2026-03-26 16:22:59,662 [INFO] Parsed 40 rows from https://compassmgmt.appfolio.com/listings/listings
2026-03-26 16:22:59,713 [INFO] Parsed 42 rows from https://express.appfolio.com/listings/listings
2026-03-26 16:23:00,106 [INFO] Parsed 40 rows from https://landmarkrealty.appfolio.com/listings/listings
2026-03-26 16:23:00,629 [INFO] Parsed 40 rows from https://prime.appfolio.com/listings/listings
2026-03-26 16:23:00,635 [INFO] Parsed 40 rows from https://realty.appfolio.com/listings/listings
2026-03-26 16:23:01,217 [INFO] Parsed 42 rows from https://crestproperties.appfolio.com/listings/listings
2026-03-26 16:23:01,626 [INFO] Parsed 38 rows from https://grandpm.appfolio.com/listings/listings
2026-03-26 16:23:02,414 [INFO] Parsed 38 rows from https://zenithproperties.appfolio.com/listings/listings
2026-03-26 16:23:02,802 [INFO] Parsed 36 rows from https://merit.appfolio.com/listings/listings
2026-03-26 16:23:03,797 [INFO] Parsed 36 rows from https://royalrealty.appfolio.com/listings/listings
2026-03-26 16:23:04,193 [INFO] Parsed 36 rows from https://vistapm.appfolio.com/listings/listings
2026-03-26 16:23:04,470 [INFO] Parsed 34 rows from https://legacyproperties.appfolio.com/listings/listings
2026-03-26 16:23:04,477 [INFO] Parsed 34 rows from https://heritagerealty.appfolio.com/listings/listings
2026-03-26 16:23:04,794 [INFO] Parsed 32 rows from https://starpm.appfolio.com/listings/listings
2026-03-26 16:23:04,815 [INFO] Parsed 34 rows from https://shelterrealty.appfolio.com/listings/listings
2026-03-26 16:23:05,204 [INFO] Parsed 34 rows from https://highlandresidential.appfolio.com/listings/listings
2026-03-26 16:23:05,392 [INFO] Parsed 32 rows from https://keystoneproperties.appfolio.com/listings/listings
2026-03-26 16:23:05,934 [INFO] Parsed 30 rows from https://coastal.appfolio.com/listings/listings
2026-03-26 16:23:06,126 [INFO] Parsed 30 rows from https://cedarpm.appfolio.com/listings/listings
2026-03-26 16:23:06,699 [INFO] Parsed 30 rows from https://compasspm.appfolio.com/listings/listings
2026-03-26 16:23:07,425 [INFO] Parsed 30 rows from https://oceanpm.appfolio.com/listings/listings
2026-03-26 16:23:07,603 [INFO] Parsed 30 rows from https://horizonproperties.appfolio.com/listings/listings
2026-03-26 16:23:07,632 [INFO] Parsed 28 rows from https://centuryproperty.appfolio.com/listings/listings
2026-03-26 16:23:07,918 [INFO] Parsed 30 rows from https://uptownpm.appfolio.com/listings/listings
2026-03-26 16:23:08,211 [INFO] Parsed 30 rows from https://freedomproperty.appfolio.com/listings/listings
2026-03-26 16:23:08,422 [INFO] Parsed 28 rows from https://broadpm.appfolio.com/listings/listings
2026-03-26 16:23:09,003 [INFO] Parsed 28 rows from https://highlandpm.appfolio.com/listings/listings
2026-03-26 16:23:09,378 [INFO] Parsed 28 rows from https://smartproperty.appfolio.com/listings/listings
2026-03-26 16:23:09,575 [INFO] Parsed 28 rows from https://empireproperties.appfolio.com/listings/listings
2026-03-26 16:23:09,609 [INFO] Parsed 28 rows from https://reliableproperties.appfolio.com/listings/listings
2026-03-26 16:23:10,324 [INFO] Parsed 26 rows from https://global.appfolio.com/listings/listings
2026-03-26 16:23:10,348 [INFO] Parsed 30 rows from https://rockproperties.appfolio.com/listings/listings
2026-03-26 16:23:10,620 [INFO] Parsed 28 rows from https://quadproperties.appfolio.com/listings/listings
2026-03-26 16:23:11,113 [INFO] Parsed 26 rows from https://skylinerentals.appfolio.com/listings/listings
2026-03-26 16:23:11,137 [INFO] Parsed 26 rows from https://peakpm.appfolio.com/listings/listings
2026-03-26 16:23:11,761 [INFO] Parsed 32 rows from https://remresidential.appfolio.com/listings/listings
2026-03-26 16:23:11,799 [INFO] Parsed 24 rows from https://havenproperties.appfolio.com/listings/listings
2026-03-26 16:23:12,228 [INFO] Parsed 24 rows from https://legacyrealty.appfolio.com/listings/listings
2026-03-26 16:23:12,246 [INFO] Parsed 24 rows from https://horizon.appfolio.com/listings/listings
2026-03-26 16:23:12,459 [INFO] Parsed 24 rows from https://peakmgmt.appfolio.com/listings/listings
2026-03-26 16:23:12,775 [INFO] Parsed 24 rows from https://superiormgmt.appfolio.com/listings/listings
2026-03-26 16:23:13,135 [INFO] Parsed 22 rows from https://centralproperty.appfolio.com/listings/listings
2026-03-26 16:23:13,200 [INFO] Parsed 24 rows from https://primerealty.appfolio.com/listings/listings
2026-03-26 16:23:13,395 [INFO] Parsed 22 rows from https://elitepm.appfolio.com/listings/listings
2026-03-26 16:23:13,502 [INFO] Parsed 22 rows from https://coastalrealty.appfolio.com/listings/listings
2026-03-26 16:23:13,833 [INFO] Parsed 26 rows from https://firstrealty.appfolio.com/listings/listings
2026-03-26 16:23:13,988 [INFO] Parsed 22 rows from https://highland.appfolio.com/listings/listings
2026-03-26 16:23:14,048 [INFO] Parsed 22 rows from https://eliterentals.appfolio.com/listings/listings
2026-03-26 16:23:14,252 [INFO] Parsed 22 rows from https://landmarkmgt.appfolio.com/listings/listings
2026-03-26 16:23:14,410 [INFO] Parsed 22 rows from https://ocean.appfolio.com/listings/listings
2026-03-26 16:23:14,746 [INFO] Parsed 22 rows from https://royalproperties.appfolio.com/listings/listings
2026-03-26 16:23:15,198 [INFO] Parsed 22 rows from https://stonepm.appfolio.com/listings/listings
2026-03-26 16:23:15,414 [INFO] Parsed 22 rows from https://venturerealty.appfolio.com/listings/listings
2026-03-26 16:23:15,448 [INFO] Parsed 22 rows from https://west.appfolio.com/listings/listings
2026-03-26 16:23:15,656 [INFO] Parsed 22 rows from https://citypm.appfolio.com/listings/listings
2026-03-26 16:23:15,827 [INFO] Parsed 20 rows from https://beaconpm.appfolio.com/listings/listings
2026-03-26 16:23:16,090 [INFO] Parsed 20 rows from https://heritagehomes.appfolio.com/listings/listings
2026-03-26 16:23:16,133 [INFO] Parsed 20 rows from https://compassproperty.appfolio.com/listings/listings
2026-03-26 16:23:16,334 [INFO] Parsed 20 rows from https://keystonemgmt.appfolio.com/listings/listings
2026-03-26 16:23:16,462 [INFO] Parsed 20 rows from https://bluerealty.appfolio.com/listings/listings
2026-03-26 16:23:16,580 [INFO] Parsed 20 rows from https://oneroofpm.appfolio.com/listings/listings
2026-03-26 16:23:17,099 [INFO] Parsed 20 rows from https://vision.appfolio.com/listings/listings
2026-03-26 16:23:17,653 [INFO] Parsed 22 rows from https://metrorentals.appfolio.com/listings/listings
2026-03-26 16:23:17,865 [INFO] Parsed 18 rows from https://greenproperty.appfolio.com/listings/listings
2026-03-26 16:23:17,910 [INFO] Parsed 18 rows from https://hawkmgmt.appfolio.com/listings/listings
2026-03-26 16:23:18,055 [INFO] Parsed 24 rows from https://atlasresidential.appfolio.com/listings/listings
2026-03-26 16:23:18,275 [INFO] Parsed 18 rows from https://emeraldmgmt.appfolio.com/listings/listings
2026-03-26 16:23:18,426 [INFO] Parsed 18 rows from https://classicpm.appfolio.com/listings/listings
2026-03-26 16:23:18,574 [INFO] Parsed 18 rows from https://horizonmgmt.appfolio.com/listings/listings
2026-03-26 16:23:18,748 [INFO] Parsed 18 rows from https://marketproperties.appfolio.com/listings/listings
2026-03-26 16:23:18,855 [INFO] Parsed 18 rows from https://horizonpm.appfolio.com/listings/listings
2026-03-26 16:23:19,218 [INFO] Parsed 18 rows from https://premierresidential.appfolio.com/listings/listings
2026-03-26 16:23:19,385 [INFO] Parsed 18 rows from https://omegapm.appfolio.com/listings/listings
2026-03-26 16:23:19,718 [INFO] Parsed 20 rows from https://diamondapts.appfolio.com/listings/listings
2026-03-26 16:23:19,945 [INFO] Parsed 18 rows from https://bay.appfolio.com/listings/listings
2026-03-26 16:23:20,136 [INFO] Parsed 20 rows from https://parkproperties.appfolio.com/listings/listings
2026-03-26 16:23:20,404 [INFO] Parsed 16 rows from https://equinoxmgmt.appfolio.com/listings/listings
2026-03-26 16:23:20,480 [INFO] Parsed 18 rows from https://castlepm.appfolio.com/listings/listings
2026-03-26 16:23:20,698 [INFO] Parsed 20 rows from https://libertyproperties.appfolio.com/listings/listings
2026-03-26 16:23:20,958 [INFO] Parsed 16 rows from https://idealhomes.appfolio.com/listings/listings
2026-03-26 16:23:20,958 [INFO] Parsed 16 rows from https://guardianrentals.appfolio.com/listings/listings
2026-03-26 16:23:21,067 [INFO] Parsed 16 rows from https://infinityproperties.appfolio.com/listings/listings
2026-03-26 16:23:21,494 [INFO] Parsed 16 rows from https://luxurypm.appfolio.com/listings/listings
2026-03-26 16:23:21,874 [INFO] Parsed 16 rows from https://western.appfolio.com/listings/listings
2026-03-26 16:23:21,989 [INFO] Parsed 16 rows from https://keyproperties.appfolio.com/listings/listings
2026-03-26 16:23:22,011 [INFO] Parsed 16 rows from https://primeproperty.appfolio.com/listings/listings
2026-03-26 16:23:22,349 [INFO] Parsed 14 rows from https://crownproperty.appfolio.com/listings/listings
2026-03-26 16:23:22,413 [INFO] Parsed 16 rows from https://infinity.appfolio.com/listings/listings
2026-03-26 16:23:22,719 [INFO] Parsed 14 rows from https://deltapm.appfolio.com/listings/listings
2026-03-26 16:23:22,859 [INFO] Parsed 16 rows from https://idealpm.appfolio.com/listings/listings
2026-03-26 16:23:23,021 [INFO] Parsed 14 rows from https://eliterealty.appfolio.com/listings/listings
2026-03-26 16:23:23,312 [INFO] Parsed 16 rows from https://morganproperties.appfolio.com/listings/listings
2026-03-26 16:23:23,633 [INFO] Parsed 14 rows from https://falcon.appfolio.com/listings/listings
2026-03-26 16:23:24,342 [INFO] Parsed 14 rows from https://superiorproperties.appfolio.com/listings/listings
2026-03-26 16:23:24,393 [INFO] Parsed 14 rows from https://metrorealty.appfolio.com/listings/listings
2026-03-26 16:23:24,516 [INFO] Parsed 14 rows from https://rock.appfolio.com/listings/listings
2026-03-26 16:23:24,631 [INFO] Parsed 14 rows from https://sterlingpm.appfolio.com/listings/listings
2026-03-26 16:23:24,734 [INFO] Parsed 14 rows from https://realpm.appfolio.com/listings/listings
2026-03-26 16:23:24,876 [INFO] Parsed 16 rows from https://guardian.appfolio.com/listings/listings
2026-03-26 16:23:25,060 [INFO] Parsed 14 rows from https://monarch.appfolio.com/listings/listings
2026-03-26 16:23:25,361 [INFO] Parsed 13 rows from https://elitemgmt.appfolio.com/listings/listings
2026-03-26 16:23:25,497 [INFO] Parsed 14 rows from https://vistamgmt.appfolio.com/listings/listings
2026-03-26 16:23:25,719 [INFO] Parsed 14 rows from https://metropm.appfolio.com/listings/listings
2026-03-26 16:23:25,946 [INFO] Parsed 14 rows from https://gardenrealty.appfolio.com/listings/listings
2026-03-26 16:23:26,080 [INFO] Parsed 12 rows from https://freedom.appfolio.com/listings/listings
2026-03-26 16:23:26,214 [INFO] Parsed 12 rows from https://paramount.appfolio.com/listings/listings
2026-03-26 16:23:26,399 [INFO] Parsed 12 rows from https://horizonrentals.appfolio.com/listings/listings
2026-03-26 16:23:26,602 [INFO] Parsed 12 rows from https://morganpm.appfolio.com/listings/listings
2026-03-26 16:23:26,752 [INFO] Parsed 12 rows from https://towerpm.appfolio.com/listings/listings
2026-03-26 16:23:26,851 [INFO] Parsed 12 rows from https://qualitypm.appfolio.com/listings/listings
2026-03-26 16:23:27,023 [INFO] Parsed 12 rows from https://wiserentals.appfolio.com/listings/listings
2026-03-26 16:23:27,092 [INFO] Parsed 12 rows from https://vistaproperties.appfolio.com/listings/listings
2026-03-26 16:23:27,295 [INFO] Parsed 14 rows from https://rockrose.appfolio.com/listings/listings
2026-03-26 16:23:27,397 [INFO] Parsed 10 rows from https://centralmgmt.appfolio.com/listings/listings
2026-03-26 16:23:27,501 [INFO] Parsed 12 rows from https://signatureproperty.appfolio.com/listings/listings
2026-03-26 16:23:27,809 [INFO] Parsed 10 rows from https://crystalproperty.appfolio.com/listings/listings
2026-03-26 16:23:27,990 [INFO] Parsed 10 rows from https://empirerealty.appfolio.com/listings/listings
2026-03-26 16:23:28,060 [INFO] Parsed 10 rows from https://homerentals.appfolio.com/listings/listings
2026-03-26 16:23:28,244 [INFO] Parsed 10 rows from https://century.appfolio.com/listings/listings
2026-03-26 16:23:28,600 [INFO] Parsed 10 rows from https://globalproperties.appfolio.com/listings/listings
2026-03-26 16:23:28,699 [INFO] Parsed 10 rows from https://skyline.appfolio.com/listings/listings
2026-03-26 16:23:28,794 [INFO] Parsed 10 rows from https://summitproperties.appfolio.com/listings/listings
2026-03-26 16:23:28,898 [INFO] Parsed 10 rows from https://riversidemgmt.appfolio.com/listings/listings
2026-03-26 16:23:29,075 [INFO] Parsed 8 rows from https://advancerealty.appfolio.com/listings/listings
2026-03-26 16:23:29,080 [INFO] Parsed 10 rows from https://premiermgmt.appfolio.com/listings/listings
2026-03-26 16:23:29,550 [INFO] Parsed 8 rows from https://cityrentals.appfolio.com/listings/listings
2026-03-26 16:23:29,626 [INFO] Parsed 8 rows from https://legacymgt.appfolio.com/listings/listings
2026-03-26 16:23:29,700 [INFO] Parsed 8 rows from https://alpha.appfolio.com/listings/listings
2026-03-26 16:23:29,786 [INFO] Parsed 8 rows from https://maximrealty.appfolio.com/listings/listings
2026-03-26 16:23:29,861 [INFO] Parsed 8 rows from https://heritageproperties.appfolio.com/listings/listings
2026-03-26 16:23:30,018 [INFO] Parsed 8 rows from https://midtownmgmt.appfolio.com/listings/listings
2026-03-26 16:23:30,275 [INFO] Parsed 8 rows from https://premierproperty.appfolio.com/listings/listings
2026-03-26 16:23:30,275 [INFO] Parsed 8 rows from https://riverrealty.appfolio.com/listings/listings
2026-03-26 16:23:30,394 [INFO] Parsed 8 rows from https://south.appfolio.com/listings/listings
2026-03-26 16:23:30,455 [INFO] Parsed 8 rows from https://universal.appfolio.com/listings/listings
2026-03-26 16:23:30,635 [INFO] Parsed 8 rows from https://zenproperties.appfolio.com/listings/listings
2026-03-26 16:23:30,743 [INFO] Parsed 8 rows from https://apexrentals.appfolio.com/listings/listings
2026-03-26 16:23:30,846 [INFO] Parsed 8 rows from https://premierproperties.appfolio.com/listings/listings
2026-03-26 16:23:30,967 [INFO] Parsed 8 rows from https://oakrentals.appfolio.com/listings/listings
2026-03-26 16:23:31,032 [INFO] Parsed 8 rows from https://ravenrealty.appfolio.com/listings/listings
2026-03-26 16:23:31,281 [INFO] Parsed 6 rows from https://eagleproperties.appfolio.com/listings/listings
2026-03-26 16:23:31,388 [INFO] Parsed 8 rows from https://madisonproperties.appfolio.com/listings/listings
2026-03-26 16:23:31,691 [INFO] Parsed 6 rows from https://freedomrealty.appfolio.com/listings/listings
2026-03-26 16:23:31,825 [INFO] Parsed 6 rows from https://citywidepm.appfolio.com/listings/listings
2026-03-26 16:23:31,839 [INFO] Parsed 6 rows from https://integrity.appfolio.com/listings/listings
2026-03-26 16:23:31,947 [INFO] Parsed 6 rows from https://heritagemgmt.appfolio.com/listings/listings
2026-03-26 16:23:32,333 [INFO] Parsed 6 rows from https://keyrealty.appfolio.com/listings/listings
2026-03-26 16:23:32,384 [INFO] Parsed 6 rows from https://park.appfolio.com/listings/listings
2026-03-26 16:23:32,586 [INFO] Parsed 6 rows from https://keystonerealty.appfolio.com/listings/listings
2026-03-26 16:23:32,632 [INFO] Parsed 6 rows from https://parkside.appfolio.com/listings/listings
2026-03-26 16:23:32,656 [INFO] Parsed 6 rows from https://selectproperty.appfolio.com/listings/listings
2026-03-26 16:23:32,740 [INFO] Parsed 8 rows from https://summit.appfolio.com/listings/listings
2026-03-26 16:23:32,872 [INFO] Parsed 6 rows from https://sterling.appfolio.com/listings/listings
2026-03-26 16:23:33,020 [INFO] Parsed 6 rows from https://villagemgmt.appfolio.com/listings/listings
2026-03-26 16:23:33,029 [INFO] Parsed 4 rows from https://baypm.appfolio.com/listings/listings
2026-03-26 16:23:33,207 [INFO] Parsed 4 rows from https://diamond.appfolio.com/listings/listings
2026-03-26 16:23:33,403 [INFO] Parsed 4 rows from https://bestmgmt.appfolio.com/listings/listings
2026-03-26 16:23:33,480 [INFO] Parsed 4 rows from https://hudsonrealty.appfolio.com/listings/listings
2026-03-26 16:23:33,673 [INFO] Parsed 4 rows from https://pineproperties.appfolio.com/listings/listings
2026-03-26 16:23:33,729 [INFO] Parsed 4 rows from https://eaglepm.appfolio.com/listings/listings
2026-03-26 16:23:33,863 [INFO] Parsed 4 rows from https://landmarkpm.appfolio.com/listings/listings
2026-03-26 16:23:33,865 [INFO] Parsed 4 rows from https://pacificproperty.appfolio.com/listings/listings
2026-03-26 16:23:34,045 [INFO] Parsed 4 rows from https://qualityrentals.appfolio.com/listings/listings
2026-03-26 16:23:34,127 [INFO] Parsed 4 rows from https://starrentals.appfolio.com/listings/listings
2026-03-26 16:23:34,128 [INFO] Parsed 4 rows from https://squareproperties.appfolio.com/listings/listings
2026-03-26 16:23:34,229 [INFO] Parsed 4 rows from https://valleypm.appfolio.com/listings/listings
2026-03-26 16:23:34,312 [INFO] Parsed 4 rows from https://yorkproperty.appfolio.com/listings/listings
2026-03-26 16:23:34,444 [INFO] Parsed 4 rows from https://infinitypm.appfolio.com/listings/listings
2026-03-26 16:23:34,538 [INFO] Parsed 2 rows from https://broadmgmt.appfolio.com/listings/listings
2026-03-26 16:23:34,571 [INFO] Parsed 2 rows from https://castlerealty.appfolio.com/listings/listings
2026-03-26 16:23:34,862 [INFO] Parsed 2 rows from https://centralrealty.appfolio.com/listings/listings
2026-03-26 16:23:34,951 [INFO] Parsed 2 rows from https://centralpm.appfolio.com/listings/listings
2026-03-26 16:23:34,997 [INFO] Parsed 2 rows from https://downtown.appfolio.com/listings/listings
2026-03-26 16:23:35,092 [INFO] Parsed 2 rows from https://edgeproperties.appfolio.com/listings/listings
2026-03-26 16:23:35,169 [INFO] Parsed 2 rows from https://comforthomes.appfolio.com/listings/listings
2026-03-26 16:23:35,230 [INFO] Parsed 2 rows from https://edgepm.appfolio.com/listings/listings
2026-03-26 16:23:35,270 [INFO] Parsed 2 rows from https://classicproperty.appfolio.com/listings/listings
2026-03-26 16:23:35,421 [INFO] Parsed 2 rows from https://falconpm.appfolio.com/listings/listings
2026-03-26 16:23:35,444 [INFO] Parsed 2 rows from https://midtownproperties.appfolio.com/listings/listings
2026-03-26 16:23:35,503 [INFO] Parsed 2 rows from https://pacificrealty.appfolio.com/listings/listings
2026-03-26 16:23:35,553 [INFO] Parsed 2 rows from https://plazarealty.appfolio.com/listings/listings
2026-03-26 16:23:35,783 [INFO] Parsed 2 rows from https://pointproperties.appfolio.com/listings/listings
2026-03-26 16:23:35,969 [INFO] Parsed 2 rows from https://riversidepm.appfolio.com/listings/listings
2026-03-26 16:23:36,010 [INFO] Parsed 2 rows from https://stone.appfolio.com/listings/listings
2026-03-26 16:23:36,127 [INFO] Parsed 2 rows from https://regalrealty.appfolio.com/listings/listings
2026-03-26 16:23:36,243 [INFO] Parsed 2 rows from https://triproperties.appfolio.com/listings/listings
2026-03-26 16:23:36,243 [INFO] Parsed 2 rows from https://smartliving.appfolio.com/listings/listings
2026-03-26 16:23:36,274 [INFO] Parsed 2 rows from https://pridepm.appfolio.com/listings/listings
2026-03-26 16:23:36,381 [INFO] Parsed 2 rows from https://trinityrealty.appfolio.com/listings/listings
2026-03-26 16:23:36,417 [INFO] Parsed 2 rows from https://york.appfolio.com/listings/listings
2026-03-26 16:23:36,484 [INFO] Parsed 2 rows from https://crestrealty.appfolio.com/listings/listings
2026-03-26 16:23:36,528 [INFO] Parsed 2 rows from https://whiterealty.appfolio.com/listings/listings
2026-03-26 16:23:36,655 [INFO] Parsed 2 rows from https://crossmgmt.appfolio.com/listings/listings
2026-03-26 16:23:36,781 [INFO] Parsed 2 rows from https://hudsonproperties.appfolio.com/listings/listings
2026-03-26 16:23:36,863 [INFO] Parsed 2 rows from https://lionrealty.appfolio.com/listings/listings
2026-03-26 16:23:36,886 [INFO] Parsed 2 rows from https://hamiltonmgmt.appfolio.com/listings/listings
2026-03-26 16:23:37,063 [INFO] Parsed 2 rows from https://equitymgmt.appfolio.com/listings/listings
2026-03-26 16:23:37,104 [INFO] Parsed 2 rows from https://crystalpm.appfolio.com/listings/listings
2026-03-26 16:23:37,107 [INFO] Scrape done: ok=279 failed=0 total_rows=13306
2026-03-26 16:23:37,435 [INFO] Quality summary: {"rows": 6934, "unique_listing_ids": 6934, "duplicate_listing_ids": 0, "null_rates": {"company": 0.0, "scraped_timestamp": 0.0, "listing_url": 0.0, "availability_status": 0.0, "listing_id": 0.0, "address": 0.0402, "property_name": 0.0402, "city": 0.0408, "state": 0.0427, "zipcode": 0.0427, "image_url": 0.0402, "available_at": 0.6748, "property_id": 1.0, "latitude": 1.0, "longitude": 1.0, "rent_price": 1.0, "beds": 1.0, "baths": 1.0, "sqft": 1.0, "unit_id": 1.0, "unit_name": 1.0, "floor_plan": 1.0, "description": 1.0, "images": 1.0}}
